<?xml version="1.0" encoding="UTF-8"?>
<testsuite xmlns:xsi="http://www.w3.org/2001/XMLSchema-instance" xsi:noNamespaceSchemaLocation="https://maven.apache.org/surefire/maven-surefire-plugin/xsd/surefire-test-report-3.0.xsd" version="3.0" name="flc.FLCSystemTest" time="0.475" tests="19" errors="0" skipped="0" failures="0">
  <properties>
[...]
</properties>
  <testcase name="testAverageRating" classname="flc.FLCSystemTest" time="0.116"/>
  <testcase name="testAverageRatingNoReviews" classname="flc.FLCSystemTest" time="0.005"/>
  <testcase name="testBookingFailsWhenFull" classname="flc.FLCSystemTest" time="0.007"/>
  <testcase name="testChangeBookingFailsWhenFull" classname="flc.FLCSystemTest" time="0.019"/>
  <testcase name="testDuplicateBookingRejected" classname="flc.FLCSystemTest" time="0.015"/>
  <testcase name="testDataLoaderCreates48Lessons" classname="flc.FLCSystemTest" time="0.009"/>
  <testcase name="testDataLoaderReviewsPresent" classname="flc.FLCSystemTest" time="0.007"/>
  <testcase name="testInvalidRatingThrows" classname="flc.FLCSystemTest" time="0.019"/>
  <testcase name="testMakeBookingSuccess" classname="flc.FLCSystemTest" time="0.007"/>
  <testcase name="testBookMultipleNonConflictingLessons" classname="flc.FLCSystemTest" time="0.005"/>
  <testcase name="testChangeBookingSuccess" classname="flc.FLCSystemTest" time="0.002"/>
  <testcase name="testAddReviewSuccess" classname="flc.FLCSystemTest" time="0.015"/>
  <testcase name="testCalcIncome" classname="flc.FLCSystemTest" time="0.008"/>
  <testcase name="testGetMemberCount" classname="flc.FLCSystemTest" time="0.002"/>
  <testcase name="testReviewRejectedIfNotAttended" classname="flc.FLCSystemTest" time="0.004"/>
  <testcase name="testTimeConflictPreventsBooking" classname="flc.FLCSystemTest" time="0.003"/>
  <testcase name="testGetLessonsByDay" classname="flc.FLCSystemTest" time="0.003"/>
  <testcase name="testGetLessonsByExerciseName" classname="flc.FLCSystemTest" time="0.026"/>
  <testcase name="testGetAvailableLessons" classname="flc.FLCSystemTest" time="0.01"/>
</testsuite>